<?xml version="1.0" encoding="UTF-8"?>
<!-- Generated by org.testng.reporters.JUnitReportReporter -->
<testsuite skipped="0" hostname="Gulnozas-MacBook-Pro.local" name="actionspractice.ActionsExample" tests="1" failures="0" timestamp="31 Jul 2018 20:09:57 GMT" time="13.864" errors="0">
  <testcase name="gmailtest" time="13.864" classname="actionspractice.ActionsExample"/>
</testsuite> <!-- actionspractice.ActionsExample -->
